<?xml version="1.0" encoding="UTF-8"?>
<!-- Generated by org.testng.reporters.JUnitReportReporter -->
<testsuite hostname="DESKTOP-9B3BV7M" failures="0" tests="3" name="TestNG1.Days8a" time="0.018" errors="0" timestamp="2023-10-06T23:46:38 EDT" skipped="0">
  <testcase classname="TestNG1.Days8a" name="TestCase_Four" time="0.005"/>
  <testcase classname="TestNG1.Days8a" name="TestCase_Six" time="0.003"/>
  <testcase classname="TestNG1.Days8a" name="TestCase_Five" time="0.010"/>
</testsuite> <!-- TestNG1.Days8a -->
