<?xml version="1.0" encoding="UTF-8"?>
<!-- Generated by org.testng.reporters.JUnitReportReporter -->
<testsuite hostname="DESKTOP-9B3BV7M" failures="0" tests="3" name="October.day12a" time="0.010" errors="0" timestamp="2023-10-08T16:02:56 EDT" skipped="0">
  <testcase classname="October.day12a" name="testCase5" time="0.005"/>
  <testcase classname="October.day12a" name="testCase4" time="0.001"/>
  <testcase classname="October.day12a" name="testCase6" time="0.004"/>
</testsuite> <!-- October.day12a -->
