<?xml version="1.0" encoding="UTF-8"?>
<!-- Generated by org.testng.reporters.JUnitReportReporter -->
<testsuite hostname="DESKTOP-9B3BV7M" failures="0" tests="3" name="October.day12" time="0.016" errors="0" timestamp="2023-10-08T16:02:56 EDT" skipped="0">
  <testcase classname="October.day12" name="testCase2" time="0.003"/>
  <testcase classname="October.day12" name="testCase3" time="0.003"/>
  <testcase classname="October.day12" name="testCase1" time="0.010"/>
</testsuite> <!-- October.day12 -->
