<?xml version="1.0" encoding="UTF-8"?>
<!-- Generated by org.testng.reporters.JUnitReportReporter -->
<testsuite hostname="DESKTOP-9B3BV7M" failures="0" tests="9" name="TestNG1.Day4" time="10.177" errors="0" timestamp="2023-10-04T18:33:54 EDT" skipped="0">
  <testcase classname="TestNG1.Day4" name="Test_Case6" time="0.595"/>
  <testcase classname="TestNG1.Day4" name="Test_Case1" time="1.048"/>
  <testcase classname="TestNG1.Day4" name="Test_Case8" time="3.438"/>
  <testcase classname="TestNG1.Day4" name="Test_Case4" time="0.222"/>
  <testcase classname="TestNG1.Day4" name="Test_Case2" time="2.316"/>
  <testcase classname="TestNG1.Day4" name="Test_Case3" time="0.295"/>
  <testcase classname="TestNG1.Day4" name="Test_Case9" time="0.445"/>
  <testcase classname="TestNG1.Day4" name="Test_Case5" time="1.419"/>
  <testcase classname="TestNG1.Day4" name="Test_Case7" time="0.399"/>
</testsuite> <!-- TestNG1.Day4 -->
