<?xml version="1.0" encoding="UTF-8"?>
<!-- Generated by org.testng.reporters.JUnitReportReporter -->
<testsuite hostname="DESKTOP-9B3BV7M" failures="0" tests="3" name="Exam.ExamSeven" time="4.498" errors="0" timestamp="2023-10-08T22:08:12 EDT" skipped="0">
  <testcase classname="Exam.ExamSeven" name="TestCaseOne" time="2.433"/>
  <testcase classname="Exam.ExamSeven" name="TestCaseThree" time="1.177"/>
  <testcase classname="Exam.ExamSeven" name="TestCaseTwo" time="0.888"/>
</testsuite> <!-- Exam.ExamSeven -->
