<?xml version="1.0" encoding="UTF-8"?>
<!-- Generated by org.testng.reporters.JUnitReportReporter -->
<testsuite hostname="DESKTOP-9B3BV7M" failures="0" tests="2" name="TestNG1.group.NewTest" time="2.574" errors="0" timestamp="2023-10-02T20:47:06 EDT" skipped="0">
  <testcase classname="TestNG1.group.NewTest" name="register" time="1.332"/>
  <testcase classname="TestNG1.group.NewTest" name="support" time="1.242"/>
</testsuite> <!-- TestNG1.group.NewTest -->
