<?xml version="1.0" encoding="UTF-8"?>
<!-- Generated by org.testng.reporters.JUnitReportReporter -->
<testsuite hostname="DESKTOP-9B3BV7M" failures="0" tests="1" name="October.BrokenLink" time="2.724" errors="0" timestamp="2023-10-10T18:55:33 EDT" skipped="0">
  <testcase classname="October.BrokenLink" name="TestCases" time="2.724"/>
</testsuite> <!-- October.BrokenLink -->
