<?xml version="1.0" encoding="UTF-8"?>
<!-- Generated by org.testng.reporters.JUnitReportReporter -->
<testsuite hostname="DESKTOP-9B3BV7M" failures="0" tests="2" name="Exam.ExamSix" time="11.727" errors="0" timestamp="2023-10-08T22:19:41 EDT" skipped="0">
  <testcase classname="Exam.ExamSix" name="TestCase_three" time="5.509"/>
  <testcase classname="Exam.ExamSix" name="TestCase_one" time="6.218"/>
</testsuite> <!-- Exam.ExamSix -->
