<?xml version="1.0" encoding="UTF-8"?>
<!-- Generated by org.testng.reporters.JUnitReportReporter -->
<testsuite hostname="DESKTOP-9B3BV7M" failures="0" tests="2" name="Exam.ExamFour" time="11.544" errors="0" timestamp="2023-10-08T22:50:56 EDT" skipped="0">
  <testcase classname="Exam.ExamFour" name="TestCase_three" time="5.448"/>
  <testcase classname="Exam.ExamFour" name="TestCase_one" time="6.096"/>
</testsuite> <!-- Exam.ExamFour -->
