<?xml version="1.0" encoding="UTF-8"?>
<!-- Generated by org.testng.reporters.JUnitReportReporter -->
<testsuite hostname="DESKTOP-9B3BV7M" failures="0" tests="3" name="TestNG1.Days8" time="0.007" errors="0" timestamp="2023-10-06T23:46:38 EDT" skipped="0">
  <testcase classname="TestNG1.Days8" name="TestCase_three" time="0.001"/>
  <testcase classname="TestNG1.Days8" name="TestCase_two" time="0.004"/>
  <testcase classname="TestNG1.Days8" name="TestCase_one" time="0.002"/>
</testsuite> <!-- TestNG1.Days8 -->
