<?xml version="1.0" encoding="UTF-8"?>
<!-- Generated by org.testng.reporters.JUnitReportReporter -->
<testsuite hostname="DESKTOP-9B3BV7M" failures="0" tests="1" name="October.Day3" time="6.107" errors="0" timestamp="2023-10-06T18:24:14 EDT" skipped="0">
  <testcase classname="October.Day3" name="assertEqual" time="6.107"/>
</testsuite> <!-- October.Day3 -->
