<?xml version="1.0" encoding="UTF-8"?>
<!-- Generated by org.testng.reporters.JUnitReportReporter -->
<testsuite hostname="DESKTOP-9B3BV7M" failures="0" tests="1" name="Exam.ExamThree" time="7.823" errors="0" timestamp="2023-10-08T22:44:43 EDT" skipped="0">
  <testcase classname="Exam.ExamThree" name="assertEqual" time="7.823"/>
</testsuite> <!-- Exam.ExamThree -->
