<?xml version="1.0" encoding="UTF-8"?>
<!-- Generated by org.testng.reporters.JUnitReportReporter -->
<testsuite hostname="DESKTOP-9B3BV7M" failures="0" tests="8" name="October.Test_Six" time="12.958" errors="0" timestamp="2023-10-08T15:55:52 EDT" skipped="0">
  <testcase classname="October.Test_Six" name="TestCaseEight" time="2.321"/>
  <testcase classname="October.Test_Six" name="TestCaseThree" time="0.838"/>
  <testcase classname="October.Test_Six" name="TestCaseFive" time="3.173"/>
  <testcase classname="October.Test_Six" name="TestCaseSeven" time="1.013"/>
  <testcase classname="October.Test_Six" name="TestCaseTwo" time="0.788"/>
  <testcase classname="October.Test_Six" name="TestCaseSix" time="1.165"/>
  <testcase classname="October.Test_Six" name="TestCaseFour" time="2.934"/>
  <testcase classname="October.Test_Six" name="TestCaseOne" time="0.726"/>
</testsuite> <!-- October.Test_Six -->
