<?xml version="1.0" encoding="UTF-8"?>
<!-- Generated by org.testng.reporters.JUnitReportReporter -->
<testsuite hostname="DESKTOP-9B3BV7M" failures="0" tests="5" name="October.Test_Three" time="1.754" errors="0" timestamp="2023-10-07T21:05:06 EDT" skipped="0">
  <testcase classname="October.Test_Three" name="TestCase4" time="0.292"/>
  <testcase classname="October.Test_Three" name="TestCase" time="0.466"/>
  <testcase classname="October.Test_Three" name="TestCase3" time="0.270"/>
  <testcase classname="October.Test_Three" name="TestCase1" time="0.513"/>
  <testcase classname="October.Test_Three" name="TestCase2" time="0.213"/>
</testsuite> <!-- October.Test_Three -->
