<?xml version="1.0" encoding="UTF-8"?>
<!-- Generated by org.testng.reporters.JUnitReportReporter -->
<testsuite hostname="DESKTOP-9B3BV7M" failures="0" tests="2" name="October.Day2" time="0.018" errors="0" timestamp="2023-10-05T19:23:08 EDT" skipped="0">
  <testcase classname="October.Day2" name="Diff" time="0.001"/>
  <testcase classname="October.Day2" name="Diff" time="0.017"/>
</testsuite> <!-- October.Day2 -->
