<?xml version="1.0" encoding="UTF-8"?>
<!-- Generated by org.testng.reporters.JUnitReportReporter -->
<testsuite hostname="DESKTOP-9B3BV7M" failures="0" tests="1" name="October.BrokenLinks" time="4.738" errors="0" timestamp="2023-10-10T17:15:21 EDT" skipped="0">
  <testcase classname="October.BrokenLinks" name="TestCases" time="4.738"/>
</testsuite> <!-- October.BrokenLinks -->
