<?xml version="1.0" encoding="UTF-8"?>
<!-- Generated by org.testng.reporters.JUnitReportReporter -->
<testsuite hostname="DESKTOP-9B3BV7M" failures="0" tests="1" name="TestNG1.day1" time="4.031" errors="0" timestamp="2023-10-05T18:22:09 EDT" skipped="0">
  <testcase classname="TestNG1.day1" name="Test" time="4.031"/>
</testsuite> <!-- TestNG1.day1 -->
