<?xml version="1.0" encoding="UTF-8"?>
<!-- Generated by org.testng.reporters.JUnitReportReporter -->
<testsuite hostname="DESKTOP-9B3BV7M" failures="0" tests="1" name="October.Test_Four" time="1.656" errors="0" timestamp="2023-10-08T13:40:22 EDT" skipped="0">
  <testcase classname="October.Test_Four" name="TestCase6" time="1.656"/>
</testsuite> <!-- October.Test_Four -->
