<?xml version="1.0" encoding="UTF-8"?>
<!-- Generated by org.testng.reporters.JUnitReportReporter -->
<testsuite hostname="DESKTOP-9B3BV7M" failures="0" tests="3" name="TestNG1.Days8c" time="0.011" errors="0" timestamp="2023-10-07T00:04:59 EDT" skipped="1">
  <testcase classname="TestNG1.Days8c" name="TestCase_Eight" time="0.010"/>
  <testcase classname="TestNG1.Days8c" name="TestCase_Ten" time="0.001"/>
  <testcase classname="TestNG1.Days8c" name="TestCase_Nine">
    <skipped/>
  </testcase> <!-- TestCase_Nine -->
</testsuite> <!-- TestNG1.Days8c -->
