<?xml version="1.0" encoding="UTF-8"?>
<!-- Generated by org.testng.reporters.JUnitReportReporter -->
<testsuite hostname="DESKTOP-9B3BV7M" failures="0" tests="1" name="October.Monday" time="2.264" errors="0" timestamp="2023-10-09T22:26:15 EDT" skipped="0">
  <testcase classname="October.Monday" name="TestcaseOne" time="2.264"/>
</testsuite> <!-- October.Monday -->
