<?xml version="1.0" encoding="UTF-8"?>
<!-- Generated by org.testng.reporters.JUnitReportReporter -->
<testsuite hostname="DESKTOP-9B3BV7M" failures="0" tests="3" name="TestNG1.Days8a" time="0.017" errors="0" timestamp="2023-10-07T00:24:36 EDT" skipped="0">
  <testcase classname="TestNG1.Days8a" name="TestCase_Four" time="0.007"/>
  <testcase classname="TestNG1.Days8a" name="TestCase_Six" time="0.001"/>
  <testcase classname="TestNG1.Days8a" name="TestCase_Five" time="0.009"/>
</testsuite> <!-- TestNG1.Days8a -->
