<?xml version="1.0" encoding="UTF-8"?>
<!-- Generated by org.testng.reporters.JUnitReportReporter -->
<testsuite hostname="DESKTOP-9B3BV7M" failures="0" tests="1" name="TestNG1.Days8b" time="0.009" errors="0" timestamp="2023-10-06T23:52:02 EDT" skipped="0">
  <testcase classname="TestNG1.Days8b" name="TestCase_seven" time="0.009"/>
</testsuite> <!-- TestNG1.Days8b -->
