<?xml version="1.0" encoding="UTF-8"?>
<!-- Generated by org.testng.reporters.JUnitReportReporter -->
<testsuite hostname="DESKTOP-9B3BV7M" failures="0" tests="3" name="Exam.ExamFive" time="0.014" errors="0" timestamp="2023-10-08T22:28:47 EDT" skipped="0">
  <testcase classname="Exam.ExamFive" name="testCase3" time="0.002"/>
  <testcase classname="Exam.ExamFive" name="testCase1" time="0.010"/>
  <testcase classname="Exam.ExamFive" name="testCase2" time="0.002"/>
</testsuite> <!-- Exam.ExamFive -->
