<?xml version="1.0" encoding="UTF-8"?>
<!-- Generated by org.testng.reporters.JUnitReportReporter -->
<testsuite hostname="DESKTOP-9B3BV7M" failures="0" tests="2" name="TestNG1.Day7" time="12.296" errors="0" timestamp="2023-10-06T05:09:08 EDT" skipped="0">
  <testcase classname="TestNG1.Day7" name="AutoSuggestiveDropDownTwo" time="4.414"/>
  <testcase classname="TestNG1.Day7" name="AutoSuggestiveDropDown" time="7.882"/>
</testsuite> <!-- TestNG1.Day7 -->
