<?xml version="1.0" encoding="UTF-8"?>
<!-- Generated by org.testng.reporters.JUnitReportReporter -->
<testsuite hostname="DESKTOP-9B3BV7M" failures="0" tests="2" name="TestNG1.Day3" time="8.977" errors="0" timestamp="2023-10-05T18:21:19 EDT" skipped="0">
  <testcase classname="TestNG1.Day3" name="testOne" time="3.339"/>
  <testcase classname="TestNG1.Day3" name="testTwo" time="5.638"/>
</testsuite> <!-- TestNG1.Day3 -->
