<?xml version="1.0" encoding="UTF-8"?>
<!-- Generated by org.testng.reporters.JUnitReportReporter -->
<testsuite hostname="DESKTOP-9B3BV7M" failures="0" tests="1" name="TestNG1.Day2" time="0.014" errors="0" timestamp="2023-10-05T18:12:51 EDT" skipped="0">
  <testcase classname="TestNG1.Day2" name="testCase" time="0.014"/>
</testsuite> <!-- TestNG1.Day2 -->
