<?xml version="1.0" encoding="UTF-8"?>
<!-- Generated by org.testng.reporters.JUnitReportReporter -->
<testsuite hostname="DESKTOP-9B3BV7M" failures="0" tests="2" name="October.Test_Eight" time="11.786" errors="0" timestamp="2023-10-08T21:38:29 EDT" skipped="0">
  <testcase classname="October.Test_Eight" name="TestCase_one" time="6.216"/>
  <testcase classname="October.Test_Eight" name="TestCase_three" time="5.570"/>
</testsuite> <!-- October.Test_Eight -->
