<?xml version="1.0" encoding="UTF-8"?>
<!-- Generated by org.testng.reporters.JUnitReportReporter -->
<testsuite hostname="DESKTOP-9B3BV7M" failures="0" tests="4" name="October.Test_One" time="1.593" errors="0" timestamp="2023-10-07T19:38:54 EDT" skipped="0">
  <testcase classname="October.Test_One" name="validateCurrentUrl" time="0.978"/>
  <testcase classname="October.Test_One" name="validateTitle" time="0.221"/>
  <testcase classname="October.Test_One" name="ValidateTitleOne" time="0.198"/>
  <testcase classname="October.Test_One" name="ValidateTitleTwo" time="0.196"/>
</testsuite> <!-- October.Test_One -->
