<?xml version="1.0" encoding="UTF-8"?>
<!-- Generated by org.testng.reporters.JUnitReportReporter -->
<testsuite hostname="DESKTOP-9B3BV7M" failures="0" tests="1" name="October.BrokenLink01" time="8.252" errors="0" timestamp="2023-10-10T18:56:07 EDT" skipped="0">
  <testcase classname="October.BrokenLink01" name="testcase" time="8.252"/>
</testsuite> <!-- October.BrokenLink01 -->
