<?xml version="1.0" encoding="UTF-8"?>
<!-- Generated by org.testng.reporters.JUnitReportReporter -->
<testsuite hostname="DESKTOP-9B3BV7M" failures="0" tests="9" name="October.Test_Five" time="17.062" errors="0" timestamp="2023-10-08T15:57:38 EDT" skipped="0">
  <testcase classname="October.Test_Five" name="TestCaseSix" time="0.168"/>
  <testcase classname="October.Test_Five" name="TestCaseFive" time="0.461"/>
  <testcase classname="October.Test_Five" name="TestCaseSeven" time="10.926"/>
  <testcase classname="October.Test_Five" name="TestCaseEight" time="3.449"/>
  <testcase classname="October.Test_Five" name="TestCaseOne" time="0.219"/>
  <testcase classname="October.Test_Five" name="TestCaseNine" time="0.334"/>
  <testcase classname="October.Test_Five" name="TestCaseFour" time="0.484"/>
  <testcase classname="October.Test_Five" name="TestCaseTwo" time="0.470"/>
  <testcase classname="October.Test_Five" name="TestCaseThree" time="0.551"/>
</testsuite> <!-- October.Test_Five -->
