<?xml version="1.0" encoding="UTF-8"?>
<!-- Generated by org.testng.reporters.JUnitReportReporter -->
<testsuite hostname="DESKTOP-9B3BV7M" failures="0" tests="4" name="TestNG1.Day6" time="16.676" errors="0" timestamp="2023-10-06T19:20:50 EDT" skipped="0">
  <testcase classname="TestNG1.Day6" name="Testcase1" time="6.323"/>
  <testcase classname="TestNG1.Day6" name="Testcase2" time="3.595"/>
  <testcase classname="TestNG1.Day6" name="Testcase3" time="3.280"/>
  <testcase classname="TestNG1.Day6" name="Testcase4" time="3.478"/>
</testsuite> <!-- TestNG1.Day6 -->
